<?xml version="1.0" encoding="UTF-8"?>
<!-- Generated on Thu, 31 Dec 2020 01:27:09 +0700 -->
<rss version="2.0" xmlns:atom="http://www.w3.org/2005/Atom">
  <channel>
    <atom:link href="https://steamcommunity.com/groups/freegamesfinders" rel="self" type="application/rss+xml" />
    <title>Free Games Finders RSS Feed</title>
    <link><![CDATA[https://steamcommunity.com/groups/freegamesfinders]]></link>
    <description><![CDATA[Events and Announcements for Free Games Finders]]></description>
    <language>en-us</language>
    <generator>Steam Community RSS</generator>
    <item>
      <title>Torchlight II free from Epic Games store</title>
      <description>The penultimate Epic holiday giveaway is Torchlight II.&lt;br&gt;&lt;br&gt;&lt;a class=&quot;bb_link&quot; href=&quot;https://steamcommunity.com/linkfilter/?url=https://www.epicgames.com/store/en-US/product/torchlight-2/home&quot; target=&quot;_blank&quot; rel=&quot;noreferrer&quot; &gt;Link&lt;/a&gt;&lt;span class=&quot;bb_link_host&quot;&gt;[www.epicgames.com]&lt;/span&gt;&lt;br&gt;&lt;br&gt;Details:&lt;br&gt;- Account/DRM required: Epic Games (NOT Steam)&lt;br&gt;- Offer good through December 31, 1600 GMT&lt;br&gt;- &lt;a class=&quot;bb_link&quot; href=&quot;https://store.steampowered.com/app/200710/Torchlight_II/&quot; target=&quot;_blank&quot; rel=&quot;noreferrer&quot; &gt; Steam Store Page&lt;/a&gt; for evaluation.&lt;br&gt;&lt;br&gt;Yes, this is a repeat from back in July.&lt;br&gt;&lt;br&gt;Tomorrow will be Jurassic World: Evolution and perhaps, the end of the party..&lt;br&gt;&lt;br&gt;LH&lt;br&gt;Torchlight II &lt;i&gt;still&lt;/i&gt; &amp;gt; Diablo III</description>
      <link><![CDATA[https://steamcommunity.com/groups/freegamesfinders/announcements/detail/2910979783389525674]]></link>
      <pubDate>Wed, 30 Dec 2020 16:00:01 +0000</pubDate>
      <author>LH</author>
      <guid isPermaLink="true">https://steamcommunity.com/groups/freegamesfinders/announcements/detail/2910979783389525674</guid>
    </item>
    <item>
      <title>Metro: Last Light Redux (DRM-free) free from GOG</title>
      <description>Finished 2033 Redux yet?  Good, because GOG is giving away Metro: Last Light Redux for the next 48 hours.&lt;br&gt;&lt;br&gt;&lt;a class=&quot;bb_link&quot; href=&quot;https://steamcommunity.com/linkfilter/?url=https://www.gog.com/&quot; target=&quot;_blank&quot; rel=&quot;noreferrer&quot; &gt;(banner near the top of the page)&lt;/a&gt;&lt;span class=&quot;bb_link_host&quot;&gt;[www.gog.com]&lt;/span&gt;&lt;br&gt;&lt;a class=&quot;bb_link&quot; href=&quot;https://steamcommunity.com/linkfilter/?url=https://www.gog.com/game/metro_last_light_redux&quot; target=&quot;_blank&quot; rel=&quot;noreferrer&quot; &gt;GOG store page&lt;/a&gt;&lt;span class=&quot;bb_link_host&quot;&gt;[www.gog.com]&lt;/span&gt;&lt;br&gt;&lt;br&gt;Details:&lt;br&gt; - Accounts required: &lt;a class=&quot;bb_link&quot; href=&quot;https://steamcommunity.com/linkfilter/?url=http://GOG.com&quot; target=&quot;_blank&quot; rel=&quot;noreferrer&quot; &gt;GOG.com&lt;/a&gt; with e-mail marketing accepted&lt;br&gt; - DRM-Free once claimed (NOT Steam)&lt;br&gt; - Offer good thru January 01, 1400 GMT&lt;br&gt; - &lt;a class=&quot;bb_link&quot; href=&quot;https://store.steampowered.com/app/287390/Metro_Last_Light_Redux/&quot; target=&quot;_blank&quot; rel=&quot;noreferrer&quot; &gt; Steam Store Page&lt;/a&gt; for evaluation.&lt;br&gt;&lt;br&gt;One last game for 2020 and still some room on their Winter sale schedule for another one to kick off 2021 with.  We shall eagerly await.&lt;br&gt;&lt;br&gt;LH&lt;br&gt;... I was hoping you might change your mind...</description>
      <link><![CDATA[https://steamcommunity.com/groups/freegamesfinders/announcements/detail/2910979783389312117]]></link>
      <pubDate>Wed, 30 Dec 2020 14:34:54 +0000</pubDate>
      <author>LH</author>
      <guid isPermaLink="true">https://steamcommunity.com/groups/freegamesfinders/announcements/detail/2910979783389312117</guid>
    </item>
    <item>
      <title>Solitairica free from Epic Games store</title>
      <description>Epic the thirteenth is Solitarica.&lt;br&gt;&lt;br&gt;&lt;a class=&quot;bb_link&quot; href=&quot;https://steamcommunity.com/linkfilter/?url=https://www.epicgames.com/store/en-US/product/solitairica/home&quot; target=&quot;_blank&quot; rel=&quot;noreferrer&quot; &gt;Link&lt;/a&gt;&lt;span class=&quot;bb_link_host&quot;&gt;[www.epicgames.com]&lt;/span&gt;&lt;br&gt;&lt;br&gt;Details:&lt;br&gt;- Account/DRM required: Epic Games (NOT Steam)&lt;br&gt;- Offer good through December 30, 1600 GMT&lt;br&gt;- &lt;a class=&quot;bb_link&quot; href=&quot;https://store.steampowered.com/app/463980/Solitairica/&quot; target=&quot;_blank&quot; rel=&quot;noreferrer&quot; &gt; Steam Store Page&lt;/a&gt; for evaluation&lt;br&gt;&lt;br&gt;Tomorrow, a return engagement for Torchlight II.&lt;br&gt;&lt;br&gt;LH&lt;br&gt;Tension mounts as time is running out....</description>
      <link><![CDATA[https://steamcommunity.com/groups/freegamesfinders/announcements/detail/2910979783385913021]]></link>
      <pubDate>Tue, 29 Dec 2020 16:00:13 +0000</pubDate>
      <author>LH</author>
      <guid isPermaLink="true">https://steamcommunity.com/groups/freegamesfinders/announcements/detail/2910979783385913021</guid>
    </item>
    <item>
      <title>Stranded Deep free from Epic Games store</title>
      <description>Good day, and welcome to day twelve.  Our topic today is Stranded Deep.&lt;br&gt;&lt;br&gt;&lt;a class=&quot;bb_link&quot; href=&quot;https://steamcommunity.com/linkfilter/?url=https://www.epicgames.com/store/en-US/product/stranded-deep/home&quot; target=&quot;_blank&quot; rel=&quot;noreferrer&quot; &gt;Link&lt;/a&gt;&lt;span class=&quot;bb_link_host&quot;&gt;[www.epicgames.com]&lt;/span&gt;&lt;br&gt;&lt;br&gt;Details:&lt;br&gt;- Account/DRM required: Epic Games (NOT Steam)&lt;br&gt;- Offer good through December 29, 1600 GMT&lt;br&gt;- &lt;a class=&quot;bb_link&quot; href=&quot;https://store.steampowered.com/app/313120/Stranded_Deep/&quot; target=&quot;_blank&quot; rel=&quot;noreferrer&quot; &gt; Steam Store Page&lt;/a&gt; for evaluation.&lt;br&gt;&lt;br&gt;Tomorrow, Solitairica.&lt;br&gt;&lt;br&gt;LH&lt;br&gt;So, Deep is where Death was Stranding people?</description>
      <link><![CDATA[https://steamcommunity.com/groups/freegamesfinders/announcements/detail/2910979783382299875]]></link>
      <pubDate>Mon, 28 Dec 2020 16:00:13 +0000</pubDate>
      <author>LH</author>
      <guid isPermaLink="true">https://steamcommunity.com/groups/freegamesfinders/announcements/detail/2910979783382299875</guid>
    </item>
    <item>
      <title>Night in the Woods free from Epic Games store</title>
      <description>Epic Eleven is Night in the Woods.&lt;br&gt;&lt;br&gt;&lt;a class=&quot;bb_link&quot; href=&quot;https://steamcommunity.com/linkfilter/?url=https://www.epicgames.com/store/en-US/product/night-in-the-woods/home&quot; target=&quot;_blank&quot; rel=&quot;noreferrer&quot; &gt;Link&lt;/a&gt;&lt;span class=&quot;bb_link_host&quot;&gt;[www.epicgames.com]&lt;/span&gt;&lt;br&gt;&lt;br&gt;Details:&lt;br&gt;- Account/DRM required: Epic Games (NOT Steam)&lt;br&gt;- Offer good through December 28, 1600 GMT&lt;br&gt;- &lt;a class=&quot;bb_link&quot; href=&quot;https://store.steampowered.com/app/481510/Night_in_the_Woods/&quot; target=&quot;_blank&quot; rel=&quot;noreferrer&quot; &gt; Steam Store Page&lt;/a&gt; for evaluation.&lt;br&gt;&lt;br&gt;Tomorrow, be ready to get Stranded Deep.&lt;br&gt;&lt;br&gt;LH&lt;br&gt;&lt;img src=&quot;https://community.cloudflare.steamstatic.com/economy/emoticon/treenightmarez&quot; alt=&quot;:treenightmarez:&quot; class=&quot;emoticon&quot;&gt;&lt;img src=&quot;https://community.cloudflare.steamstatic.com/economy/emoticon/treenightmarez&quot; alt=&quot;:treenightmarez:&quot; class=&quot;emoticon&quot;&gt;&lt;img src=&quot;https://community.cloudflare.steamstatic.com/economy/emoticon/treenightmarez&quot; alt=&quot;:treenightmarez:&quot; class=&quot;emoticon&quot;&gt;  &lt;img src=&quot;https://community.cloudflare.steamstatic.com/economy/emoticon/con_knight&quot; alt=&quot;:con_knight:&quot; class=&quot;emoticon&quot;&gt; &lt;img src=&quot;https://community.cloudflare.steamstatic.com/economy/emoticon/treenightmarez&quot; alt=&quot;:treenightmarez:&quot; class=&quot;emoticon&quot;&gt;&lt;img src=&quot;https://community.cloudflare.steamstatic.com/economy/emoticon/treenightmarez&quot; alt=&quot;:treenightmarez:&quot; class=&quot;emoticon&quot;&gt;&lt;img src=&quot;https://community.cloudflare.steamstatic.com/economy/emoticon/treenightmarez&quot; alt=&quot;:treenightmarez:&quot; class=&quot;emoticon&quot;&gt;</description>
      <link><![CDATA[https://steamcommunity.com/groups/freegamesfinders/announcements/detail/2910979783378686841]]></link>
      <pubDate>Sun, 27 Dec 2020 16:00:15 +0000</pubDate>
      <author>LH</author>
      <guid isPermaLink="true">https://steamcommunity.com/groups/freegamesfinders/announcements/detail/2910979783378686841</guid>
    </item>
    <item>
      <title>My Time at Portia free from Epic Games store</title>
      <description>The tenth Epic giveaway is My Time at Portia.&lt;br&gt;&lt;br&gt;&lt;a class=&quot;bb_link&quot; href=&quot;https://steamcommunity.com/linkfilter/?url=https://www.epicgames.com/store/en-US/product/my-time-at-portia/home&quot; target=&quot;_blank&quot; rel=&quot;noreferrer&quot; &gt;Link&lt;/a&gt;&lt;span class=&quot;bb_link_host&quot;&gt;[www.epicgames.com]&lt;/span&gt;&lt;br&gt;&lt;br&gt;Details:&lt;br&gt;- Account/DRM required: Epic Games (NOT Steam)&lt;br&gt;- Offer good through December 27, 1600 GMT&lt;br&gt;- &lt;a class=&quot;bb_link&quot; href=&quot;https://store.steampowered.com/app/666140/My_Time_At_Portia/&quot; target=&quot;_blank&quot; rel=&quot;noreferrer&quot; &gt; Steam Store Page&lt;/a&gt; for evaluation.&lt;br&gt;&lt;br&gt;Up next, get ready to spend a Night in the Woods.&lt;br&gt;&lt;br&gt;LH&lt;br&gt;... still waiting for the &amp;quot;third year&amp;quot; announcement.</description>
      <link><![CDATA[https://steamcommunity.com/groups/freegamesfinders/announcements/detail/2910979783375073389]]></link>
      <pubDate>Sat, 26 Dec 2020 16:00:07 +0000</pubDate>
      <author>LH</author>
      <guid isPermaLink="true">https://steamcommunity.com/groups/freegamesfinders/announcements/detail/2910979783375073389</guid>
    </item>
    <item>
      <title>Any one free Big Fish game from Big Fish (new code)</title>
      <description>Looks like Big Fish didn't forget Boxing Day.  Here's a code good for any game in their catalog for free (including Collector's Editions and new releases).&lt;br&gt;&lt;br&gt;Details:&lt;br&gt; - Account Required: Big Fish&lt;br&gt; - DRM Required: Big Fish launcher App (NOT Steam)&lt;br&gt; - Limited time offer, end date unknown&lt;br&gt;&lt;br&gt;Codes:&lt;br&gt; - FREEGAME813721&lt;br&gt;&lt;br&gt;To claim a game... hey, know what? If you guys don't know how to do this by now, just ring your call button, and Tommy will come back there and hit you on the head with a tack hammer.&lt;br&gt;&lt;br&gt;Check back later to see if a second code dropped but based on recent history, we're most likely down to just one per event.&lt;br&gt;&lt;br&gt;LH&lt;br&gt;Probably the last code we'll get in 2020.  16 is reasonable.</description>
      <link><![CDATA[https://steamcommunity.com/groups/freegamesfinders/announcements/detail/2910979783374872732]]></link>
      <pubDate>Sat, 26 Dec 2020 14:40:09 +0000</pubDate>
      <author>LH</author>
      <guid isPermaLink="true">https://steamcommunity.com/groups/freegamesfinders/announcements/detail/2910979783374872732</guid>
    </item>
    <item>
      <title>Darkest Dungeon free from Epic Games store</title>
      <description>Day nine of the Epic giveaways and... it's Christmas! How about a nice, festive, jolly, family fun game like Darkest Dungeon?&lt;br&gt;&lt;br&gt;&lt;a class=&quot;bb_link&quot; href=&quot;https://steamcommunity.com/linkfilter/?url=https://www.epicgames.com/store/en-US/product/darkest-dungeon/home&quot; target=&quot;_blank&quot; rel=&quot;noreferrer&quot; &gt;Link&lt;/a&gt;&lt;span class=&quot;bb_link_host&quot;&gt;[www.epicgames.com]&lt;/span&gt;&lt;br&gt;&lt;br&gt;Details:&lt;br&gt;- Account/DRM required: Epic Games (NOT Steam)&lt;br&gt;- Offer good through December 26, 1600 GMT&lt;br&gt;- &lt;a class=&quot;bb_link&quot; href=&quot;https://store.steampowered.com/app/262060/Darkest_Dungeon/&quot; target=&quot;_blank&quot; rel=&quot;noreferrer&quot; &gt; Steam Store Page&lt;/a&gt; for evaluation.&lt;br&gt;&lt;br&gt;My sources say My Time at Portia is My next free game for My Epic account.&lt;br&gt;&lt;br&gt;LH&lt;br&gt;Seriously?  Darkest Dungeon today and Portia tomorrow? &lt;img src=&quot;https://community.cloudflare.steamstatic.com/economy/emoticon/winter2019angrysnowman&quot; alt=&quot;:winter2019angrysnowman:&quot; class=&quot;emoticon&quot;&gt;&lt;img src=&quot;https://community.cloudflare.steamstatic.com/economy/emoticon/winter2019saddog&quot; alt=&quot;:winter2019saddog:&quot; class=&quot;emoticon&quot;&gt;&lt;img src=&quot;https://community.cloudflare.steamstatic.com/economy/emoticon/winter2019angryyul&quot; alt=&quot;:winter2019angryyul:&quot; class=&quot;emoticon&quot;&gt;&lt;img src=&quot;https://community.cloudflare.steamstatic.com/economy/emoticon/winter2019sadbulb&quot; alt=&quot;:winter2019sadbulb:&quot; class=&quot;emoticon&quot;&gt;</description>
      <link><![CDATA[https://steamcommunity.com/groups/freegamesfinders/announcements/detail/2910979783371460904]]></link>
      <pubDate>Fri, 25 Dec 2020 16:00:23 +0000</pubDate>
      <author>LH</author>
      <guid isPermaLink="true">https://steamcommunity.com/groups/freegamesfinders/announcements/detail/2910979783371460904</guid>
    </item>
    <item>
      <title>INSIDE free from Epic Games store</title>
      <description>Epic day eight is INSIDE.&lt;br&gt;&lt;br&gt;&lt;a class=&quot;bb_link&quot; href=&quot;https://steamcommunity.com/linkfilter/?url=https://www.epicgames.com/store/en-US/product/inside/home&quot; target=&quot;_blank&quot; rel=&quot;noreferrer&quot; &gt;Link&lt;/a&gt;&lt;span class=&quot;bb_link_host&quot;&gt;[www.epicgames.com]&lt;/span&gt;&lt;br&gt;&lt;br&gt;Details:&lt;br&gt;- Account/DRM required: Epic Games (NOT Steam)&lt;br&gt;- Offer good through December 25, 1600 GMT&lt;br&gt;- &lt;a class=&quot;bb_link&quot; href=&quot;https://store.steampowered.com/app/304430/INSIDE/&quot; target=&quot;_blank&quot; rel=&quot;noreferrer&quot; &gt; Steam Store Page&lt;/a&gt; for evaluation.&lt;br&gt;&lt;br&gt;Tomorrow: Pretty sure that it's Darkest Dungeon&lt;br&gt;&lt;br&gt;LH&lt;br&gt;We had INSIDE information about today's freebie</description>
      <link><![CDATA[https://steamcommunity.com/groups/freegamesfinders/announcements/detail/2910979783367848250]]></link>
      <pubDate>Thu, 24 Dec 2020 16:00:34 +0000</pubDate>
      <author>LH</author>
      <guid isPermaLink="true">https://steamcommunity.com/groups/freegamesfinders/announcements/detail/2910979783367848250</guid>
    </item>
    <item>
      <title>Tropico 5 free from Epic Games store</title>
      <description>Day seven and we're getting an Epic island vacation to Tropico 5.&lt;br&gt;&lt;br&gt;&lt;a class=&quot;bb_link&quot; href=&quot;https://steamcommunity.com/linkfilter/?url=https://www.epicgames.com/store/en-US/product/tropico-5/home&quot; target=&quot;_blank&quot; rel=&quot;noreferrer&quot; &gt;Link&lt;/a&gt;&lt;span class=&quot;bb_link_host&quot;&gt;[www.epicgames.com]&lt;/span&gt;&lt;br&gt;&lt;br&gt;Details:&lt;br&gt;- Account/DRM required: Epic Games (NOT Steam)&lt;br&gt;- Offer good through December 24, 1600 GMT&lt;br&gt;- &lt;a class=&quot;bb_link&quot; href=&quot;https://store.steampowered.com/app/245620/Tropico_5/&quot; target=&quot;_blank&quot; rel=&quot;noreferrer&quot; &gt; Steam Store Page&lt;/a&gt; for evaluation.&lt;br&gt;&lt;br&gt;Tomorrow, we get INSIDE.  Inside what?  No, INSIDE the game.  Inside what game? The game, INSIDE.  Stop shouting at me and tell me what we get inside tomorrow!  Nevermind.  Ooh, that one where you have to control your anxiety?  No, not Nevermind, INSIDE!  Inside what?  INSIDE, just INSIDE.  Wow... you really do need to control your anxiety.&lt;br&gt;&lt;br&gt;LH&lt;br&gt;&lt;img src=&quot;https://community.cloudflare.steamstatic.com/economy/emoticon/_banana_&quot; alt=&quot;:_banana_:&quot; class=&quot;emoticon&quot;&gt;&lt;img src=&quot;https://community.cloudflare.steamstatic.com/economy/emoticon/fspineapple&quot; alt=&quot;:fspineapple:&quot; class=&quot;emoticon&quot;&gt;&lt;img src=&quot;https://community.cloudflare.steamstatic.com/economy/emoticon/cigar&quot; alt=&quot;:cigar:&quot; class=&quot;emoticon&quot;&gt;</description>
      <link><![CDATA[https://steamcommunity.com/groups/freegamesfinders/announcements/detail/2910979783364235013]]></link>
      <pubDate>Wed, 23 Dec 2020 16:00:34 +0000</pubDate>
      <author>LH</author>
      <guid isPermaLink="true">https://steamcommunity.com/groups/freegamesfinders/announcements/detail/2910979783364235013</guid>
    </item>
  </channel>
</rss>